Using pre-set license
Built from '2020.2/release' branch; Version is '2020.2.2f1 (068178b99f32) revision 426360'; Using compiler version '192528614'; Build Type 'Release'
OS: 'Windows 10 Pro; OS build 19041.746; Version 2004; 64bit' Language: 'zh' Physical Memory: 8113 MB
BatchMode: 1, IsHumanControllingUs: 0, StartBugReporterOnCrash: 0, Is64bit: 1, IsPro: 0

 COMMAND LINE ARGUMENTS:
C:\Program Files\Unity\Hub\Editor\2020.2.2f1\Editor\Unity.exe
-adb2
-batchMode
-noUpm
-name
AssetImportWorker0
-projectPath
C:/Users/KingO/Documents/github/prototype2/prototype2
-logFile
Logs/AssetImportWorker0.log
-srvPort
55580
Successfully changed project path to: C:/Users/KingO/Documents/github/prototype2/prototype2
C:/Users/KingO/Documents/github/prototype2/prototype2
Using Asset Import Pipeline V2.
Refreshing native plugins compatible for Editor in 59.04 ms, found 1 plugins.
Preloading 0 native plugins for Editor in 0.00 ms.
Initialize engine version: 2020.2.2f1 (068178b99f32)
[Subsystems] Discovering subsystems at path C:/Program Files/Unity/Hub/Editor/2020.2.2f1/Editor/Data/Resources/UnitySubsystems
[Subsystems] Discovering subsystems at path C:/Users/KingO/Documents/github/prototype2/prototype2/Assets
GfxDevice: creating device client; threaded=0
Direct3D:
    Version:  Direct3D 11.0 [level 11.1]
    Renderer: NVIDIA GeForce GTX 1050 (ID=0x1c8d)
    Vendor:   
    VRAM:     1979 MB
    Driver:   27.21.14.5167
Initialize mono
Mono path[0] = 'C:/Program Files/Unity/Hub/Editor/2020.2.2f1/Editor/Data/Managed'
Mono path[1] = 'C:/Program Files/Unity/Hub/Editor/2020.2.2f1/Editor/Data/MonoBleedingEdge/lib/mono/unityjit'
Mono config path = 'C:/Program Files/Unity/Hub/Editor/2020.2.2f1/Editor/Data/MonoBleedingEdge/etc'
Using monoOptions --debugger-agent=transport=dt_socket,embedding=1,server=y,suspend=n,address=127.0.0.1:56560
Begin MonoManager ReloadAssembly
Registering precompiled unity dll's ...
Register platform support module: C:/Program Files/Unity/Hub/Editor/2020.2.2f1/Editor/Data/PlaybackEngines/WindowsStandaloneSupport/UnityEditor.WindowsStandalone.Extensions.dll
Registered in 0.002556 seconds.
Native extension for WindowsStandalone target not found
Refreshing native plugins compatible for Editor in 93.05 ms, found 1 plugins.
Preloading 0 native plugins for Editor in 0.00 ms.
Invoked RoslynAnalysisRunner static constructor.
RoslynAnalysisRunner will not be running.
RoslynAnalysisRunner has terminated.
Mono: successfully reloaded assembly
- Completed reload, in  2.274 seconds
Platform modules already initialized, skipping
Registering precompiled user dll's ...
Registered in 0.001355 seconds.
Begin MonoManager ReloadAssembly
Native extension for WindowsStandalone target not found
Refreshing native plugins compatible for Editor in 43.69 ms, found 1 plugins.
Preloading 0 native plugins for Editor in 0.00 ms.
Invoked RoslynAnalysisRunner static constructor.
RoslynAnalysisRunner will not be running.
RoslynAnalysisRunner has terminated.
Mono: successfully reloaded assembly
- Completed reload, in  1.152 seconds
Platform modules already initialized, skipping
========================================================================
Worker process is ready to serve import requests
Launched and connected shader compiler UnityShaderCompiler.exe after 0.08 seconds
Refreshing native plugins compatible for Editor in 0.48 ms, found 1 plugins.
Preloading 0 native plugins for Editor in 0.00 ms.
Unloading 1792 Unused Serialized files (Serialized files now loaded: 0)
System memory in use before: 84.2 MB.
System memory in use after: 84.1 MB.

Unloading 24 unused Assets to reduce memory usage. Loaded Objects now: 2233.
Total: 2.959400 ms (FindLiveObjects: 0.407300 ms CreateObjectMapping: 0.114700 ms MarkObjects: 2.274700 ms  DeleteObjects: 0.160900 ms)

========================================================================
Received Import Request.
  path: Assets
  artifactKey: Guid(00000000000000001000000000000000) Importer(815301076,1909f56bfc062723c751e8b465ee728b)
Start importing Assets using Guid(00000000000000001000000000000000) Importer(815301076,1909f56bfc062723c751e8b465ee728b)  -> (artifact id: '4a6e520b92ccfc61bcfa21a7bcab8468') in 0.013860 seconds
  Import took 0.018347 seconds .

========================================================================
Received Import Request.
  Time since last request: 33.496020 seconds.
  path: Assets
  artifactKey: Guid(00000000000000001000000000000000) Importer(815301076,1909f56bfc062723c751e8b465ee728b)
Start importing Assets using Guid(00000000000000001000000000000000) Importer(815301076,1909f56bfc062723c751e8b465ee728b)  -> (artifact id: '4a6e520b92ccfc61bcfa21a7bcab8468') in 0.005166 seconds
  Import took 0.009696 seconds .

========================================================================
Received Import Request.
  Time since last request: 3.315259 seconds.
  path: Assets/HexagonFlat-Top.png
  artifactKey: Guid(c9c9454941b4843448164cfb21613640) Importer(815301076,1909f56bfc062723c751e8b465ee728b)
Start importing Assets/HexagonFlat-Top.png using Guid(c9c9454941b4843448164cfb21613640) Importer(815301076,1909f56bfc062723c751e8b465ee728b)  -> (artifact id: '1d3dd4eba1c3893ab1dd1d8ef1b6ad5f') in 0.156891 seconds
  Import took 0.161639 seconds .

========================================================================
Received Import Request.
  Time since last request: 27.941703 seconds.
  path: Assets/HexagonPointed-Top.png
  artifactKey: Guid(7717c0daeb17e7a479598c524dd85bfa) Importer(815301076,1909f56bfc062723c751e8b465ee728b)
Start importing Assets/HexagonPointed-Top.png using Guid(7717c0daeb17e7a479598c524dd85bfa) Importer(815301076,1909f56bfc062723c751e8b465ee728b)  -> (artifact id: 'e0ceb4e13c5be4c64e300adc5cafc935') in 0.038631 seconds
  Import took 0.042778 seconds .

========================================================================
Received Import Request.
  Time since last request: 19.746521 seconds.
  path: Assets/Sprite Shape Profile.asset
  artifactKey: Guid(357258349888be3498b4af820c5330cb) Importer(815301076,1909f56bfc062723c751e8b465ee728b)
Start importing Assets/Sprite Shape Profile.asset using Guid(357258349888be3498b4af820c5330cb) Importer(815301076,1909f56bfc062723c751e8b465ee728b)  -> (artifact id: '4143e19d802be77b6e3b84cc99f565f6') in 0.026076 seconds
  Import took 0.031823 seconds .

